<?xml version="1.0" encoding="UTF-8"?>
<!-- Generated by org.testng.reporters.JUnitReportReporter -->
<testsuite hostname="LAPTOP-DLFNDHGP" failures="0" tests="1" name="Test1.FaceBok" time="5.712" errors="0" timestamp="2022-11-14T18:33:11 IST" skipped="0">
  <testcase classname="Test1.FaceBok" name="test2" time="5.712"/>
  <system-out/>
</testsuite> <!-- Test1.FaceBok -->
