<?xml version="1.0" encoding="UTF-8"?>
<!-- Generated by org.testng.reporters.JUnitReportReporter -->
<testsuite hostname="LAPTOP-DLFNDHGP" failures="0" tests="1" name="KhanAcademy.DragAndDrop" time="4.172" errors="1" timestamp="2022-12-02T18:12:52 IST" skipped="0">
  <testcase classname="KhanAcademy.DragAndDrop" name="test1" time="4.172">
    <error type="java.lang.StackOverflowError">
      <![CDATA[java.lang.StackOverflowError
at KhanAcademy.pas.demo(pas.java:12)
at KhanAcademy.pas.demo(pas.java:12)
at KhanAcademy.pas.demo(pas.java:12)
at KhanAcademy.pas.demo(pas.java:12)
at KhanAcademy.pas.demo(pas.java:12)
at KhanAcademy.pas.demo(pas.java:12)
at KhanAcademy.pas.demo(pas.java:12)
at KhanAcademy.pas.demo(pas.java:12)
at KhanAcademy.pas.demo(pas.java:12)
at KhanAcademy.pas.demo(pas.java:12)
at KhanAcademy.pas.demo(pas.java:12)
at KhanAcademy.pas.demo(pas.java:12)
at KhanAcademy.pas.demo(pas.java:12)
at KhanAcademy.pas.demo(pas.java:12)
at KhanAcademy.pas.demo(pas.java:12)
at KhanAcademy.pas.demo(pas.java:12)
at KhanAcademy.pas.demo(pas.java:12)
at KhanAcademy.pas.demo(pas.java:12)
at KhanAcademy.pas.demo(pas.java:12)
at KhanAcademy.pas.demo(pas.java:12)
at KhanAcademy.pas.demo(pas.java:12)
at KhanAcademy.pas.demo(pas.java:12)
at KhanAcademy.pas.demo(pas.java:12)
at KhanAcademy.pas.demo(pas.java:12)
at KhanAcademy.pas.demo(pas.java:12)
at KhanAcademy.pas.demo(pas.java:12)
at KhanAcademy.pas.demo(pas.java:12)
at KhanAcademy.pas.demo(pas.java:12)
at KhanAcademy.pas.demo(pas.java:12)
at KhanAcademy.pas.demo(pas.java:12)
at KhanAcademy.pas.demo(pas.java:12)
at KhanAcademy.pas.demo(pas.java:12)
at KhanAcademy.pas.demo(pas.java:12)
at KhanAcademy.pas.demo(pas.java:12)
at KhanAcademy.pas.demo(pas.java:12)
at KhanAcademy.pas.demo(pas.java:12)
at KhanAcademy.pas.demo(pas.java:12)
at KhanAcademy.pas.demo(pas.java:12)
at KhanAcademy.pas.demo(pas.java:12)
at KhanAcademy.pas.demo(pas.java:12)
at KhanAcademy.pas.demo(pas.java:12)
at KhanAcademy.pas.demo(pas.java:12)
at KhanAcademy.pas.demo(pas.java:12)
at KhanAcademy.pas.demo(pas.java:12)
at KhanAcademy.pas.demo(pas.java:12)
at KhanAcademy.pas.demo(pas.java:12)
at KhanAcademy.pas.demo(pas.java:12)
at KhanAcademy.pas.demo(pas.java:12)
at KhanAcademy.pas.demo(pas.java:12)
at KhanAcademy.pas.demo(pas.java:12)
at KhanAcademy.pas.demo(pas.java:12)
at KhanAcademy.pas.demo(pas.java:12)
at KhanAcademy.pas.demo(pas.java:12)
at KhanAcademy.pas.demo(pas.java:12)
at KhanAcademy.pas.demo(pas.java:12)
at KhanAcademy.pas.demo(pas.java:12)
at KhanAcademy.pas.demo(pas.java:12)
at KhanAcademy.pas.demo(pas.java:12)
at KhanAcademy.pas.demo(pas.java:12)
at KhanAcademy.pas.demo(pas.java:12)
at KhanAcademy.pas.demo(pas.java:12)
at KhanAcademy.pas.demo(pas.java:12)
at KhanAcademy.pas.demo(pas.java:12)
at KhanAcademy.pas.demo(pas.java:12)
at KhanAcademy.pas.demo(pas.java:12)
at KhanAcademy.pas.demo(pas.java:12)
at KhanAcademy.pas.demo(pas.java:12)
at KhanAcademy.pas.demo(pas.java:12)
at KhanAcademy.pas.demo(pas.java:12)
at KhanAcademy.pas.demo(pas.java:12)
at KhanAcademy.pas.demo(pas.java:12)
at KhanAcademy.pas.demo(pas.java:12)
at KhanAcademy.pas.demo(pas.java:12)
at KhanAcademy.pas.demo(pas.java:12)
at KhanAcademy.pas.demo(pas.java:12)
at KhanAcademy.pas.demo(pas.java:12)
at KhanAcademy.pas.demo(pas.java:12)
at KhanAcademy.pas.demo(pas.java:12)
at KhanAcademy.pas.demo(pas.java:12)
at KhanAcademy.pas.demo(pas.java:12)
at KhanAcademy.pas.demo(pas.java:12)
at KhanAcademy.pas.demo(pas.java:12)
at KhanAcademy.pas.demo(pas.java:12)
at KhanAcademy.pas.demo(pas.java:12)
at KhanAcademy.pas.demo(pas.java:12)
at KhanAcademy.pas.demo(pas.java:12)
at KhanAcademy.pas.demo(pas.java:12)
at KhanAcademy.pas.demo(pas.java:12)
at KhanAcademy.pas.demo(pas.java:12)
at KhanAcademy.pas.demo(pas.java:12)
at KhanAcademy.pas.demo(pas.java:12)
at KhanAcademy.pas.demo(pas.java:12)
at KhanAcademy.pas.demo(pas.java:12)
at KhanAcademy.pas.demo(pas.java:12)
at KhanAcademy.pas.demo(pas.java:12)
at KhanAcademy.pas.demo(pas.java:12)
at KhanAcademy.pas.demo(pas.java:12)
at KhanAcademy.pas.demo(pas.java:12)
at KhanAcademy.pas.demo(pas.java:12)
at KhanAcademy.pas.demo(pas.java:12)
at KhanAcademy.pas.demo(pas.java:12)
at KhanAcademy.pas.demo(pas.java:12)
at KhanAcademy.pas.demo(pas.java:12)
at KhanAcademy.pas.demo(pas.java:12)
at KhanAcademy.pas.demo(pas.java:12)
at KhanAcademy.pas.demo(pas.java:12)
at KhanAcademy.pas.demo(pas.java:12)
at KhanAcademy.pas.demo(pas.java:12)
at KhanAcademy.pas.demo(pas.java:12)
at KhanAcademy.pas.demo(pas.java:12)
at KhanAcademy.pas.demo(pas.java:12)
at KhanAcademy.pas.demo(pas.java:12)
at KhanAcademy.pas.demo(pas.java:12)
at KhanAcademy.pas.demo(pas.java:12)
at KhanAcademy.pas.demo(pas.java:12)
at KhanAcademy.pas.demo(pas.java:12)
at KhanAcademy.pas.demo(pas.java:12)
at KhanAcademy.pas.demo(pas.java:12)
at KhanAcademy.pas.demo(pas.java:12)
at KhanAcademy.pas.demo(pas.java:12)
at KhanAcademy.pas.demo(pas.java:12)
at KhanAcademy.pas.demo(pas.java:12)
at KhanAcademy.pas.demo(pas.java:12)
at KhanAcademy.pas.demo(pas.java:12)
at KhanAcademy.pas.demo(pas.java:12)
at KhanAcademy.pas.demo(pas.java:12)
at KhanAcademy.pas.demo(pas.java:12)
at KhanAcademy.pas.demo(pas.java:12)
at KhanAcademy.pas.demo(pas.java:12)
at KhanAcademy.pas.demo(pas.java:12)
at KhanAcademy.pas.demo(pas.java:12)
at KhanAcademy.pas.demo(pas.java:12)
at KhanAcademy.pas.demo(pas.java:12)
at KhanAcademy.pas.demo(pas.java:12)
at KhanAcademy.pas.demo(pas.java:12)
at KhanAcademy.pas.demo(pas.java:12)
at KhanAcademy.pas.demo(pas.java:12)
at KhanAcademy.pas.demo(pas.java:12)
at KhanAcademy.pas.demo(pas.java:12)
at KhanAcademy.pas.demo(pas.java:12)
at KhanAcademy.pas.demo(pas.java:12)
at KhanAcademy.pas.demo(pas.java:12)
at KhanAcademy.pas.demo(pas.java:12)
at KhanAcademy.pas.demo(pas.java:12)
at KhanAcademy.pas.demo(pas.java:12)
at KhanAcademy.pas.demo(pas.java:12)
at KhanAcademy.pas.demo(pas.java:12)
at KhanAcademy.pas.demo(pas.java:12)
at KhanAcademy.pas.demo(pas.java:12)
at KhanAcademy.pas.demo(pas.java:12)
at KhanAcademy.pas.demo(pas.java:12)
at KhanAcademy.pas.demo(pas.java:12)
at KhanAcademy.pas.demo(pas.java:12)
at KhanAcademy.pas.demo(pas.java:12)
at KhanAcademy.pas.demo(pas.java:12)
at KhanAcademy.pas.demo(pas.java:12)
at KhanAcademy.pas.demo(pas.java:12)
at KhanAcademy.pas.demo(pas.java:12)
at KhanAcademy.pas.demo(pas.java:12)
at KhanAcademy.pas.demo(pas.java:12)
at KhanAcademy.pas.demo(pas.java:12)
at KhanAcademy.pas.demo(pas.java:12)
at KhanAcademy.pas.demo(pas.java:12)
at KhanAcademy.pas.demo(pas.java:12)
at KhanAcademy.pas.demo(pas.java:12)
at KhanAcademy.pas.demo(pas.java:12)
at KhanAcademy.pas.demo(pas.java:12)
at KhanAcademy.pas.demo(pas.java:12)
at KhanAcademy.pas.demo(pas.java:12)
at KhanAcademy.pas.demo(pas.java:12)
at KhanAcademy.pas.demo(pas.java:12)
at KhanAcademy.pas.demo(pas.java:12)
at KhanAcademy.pas.demo(pas.java:12)
at KhanAcademy.pas.demo(pas.java:12)
at KhanAcademy.pas.demo(pas.java:12)
at KhanAcademy.pas.demo(pas.java:12)
at KhanAcademy.pas.demo(pas.java:12)
at KhanAcademy.pas.demo(pas.java:12)
at KhanAcademy.pas.demo(pas.java:12)
at KhanAcademy.pas.demo(pas.java:12)
at KhanAcademy.pas.demo(pas.java:12)
at KhanAcademy.pas.demo(pas.java:12)
at KhanAcademy.pas.demo(pas.java:12)
at KhanAcademy.pas.demo(pas.java:12)
at KhanAcademy.pas.demo(pas.java:12)
at KhanAcademy.pas.demo(pas.java:12)
at KhanAcademy.pas.demo(pas.java:12)
at KhanAcademy.pas.demo(pas.java:12)
at KhanAcademy.pas.demo(pas.java:12)
at KhanAcademy.pas.demo(pas.java:12)
at KhanAcademy.pas.demo(pas.java:12)
at KhanAcademy.pas.demo(pas.java:12)
at KhanAcademy.pas.demo(pas.java:12)
at KhanAcademy.pas.demo(pas.java:12)
at KhanAcademy.pas.demo(pas.java:12)
at KhanAcademy.pas.demo(pas.java:12)
at KhanAcademy.pas.demo(pas.java:12)
at KhanAcademy.pas.demo(pas.java:12)
at KhanAcademy.pas.demo(pas.java:12)
at KhanAcademy.pas.demo(pas.java:12)
at KhanAcademy.pas.demo(pas.java:12)
at KhanAcademy.pas.demo(pas.java:12)
at KhanAcademy.pas.demo(pas.java:12)
at KhanAcademy.pas.demo(pas.java:12)
at KhanAcademy.pas.demo(pas.java:12)
at KhanAcademy.pas.demo(pas.java:12)
at KhanAcademy.pas.demo(pas.java:12)
at KhanAcademy.pas.demo(pas.java:12)
at KhanAcademy.pas.demo(pas.java:12)
at KhanAcademy.pas.demo(pas.java:12)
at KhanAcademy.pas.demo(pas.java:12)
at KhanAcademy.pas.demo(pas.java:12)
at KhanAcademy.pas.demo(pas.java:12)
at KhanAcademy.pas.demo(pas.java:12)
at KhanAcademy.pas.demo(pas.java:12)
at KhanAcademy.pas.demo(pas.java:12)
at KhanAcademy.pas.demo(pas.java:12)
at KhanAcademy.pas.demo(pas.java:12)
at KhanAcademy.pas.demo(pas.java:12)
at KhanAcademy.pas.demo(pas.java:12)
at KhanAcademy.pas.demo(pas.java:12)
at KhanAcademy.pas.demo(pas.java:12)
at KhanAcademy.pas.demo(pas.java:12)
at KhanAcademy.pas.demo(pas.java:12)
at KhanAcademy.pas.demo(pas.java:12)
at KhanAcademy.pas.demo(pas.java:12)
at KhanAcademy.pas.demo(pas.java:12)
at KhanAcademy.pas.demo(pas.java:12)
at KhanAcademy.pas.demo(pas.java:12)
at KhanAcademy.pas.demo(pas.java:12)
at KhanAcademy.pas.demo(pas.java:12)
at KhanAcademy.pas.demo(pas.java:12)
at KhanAcademy.pas.demo(pas.java:12)
at KhanAcademy.pas.demo(pas.java:12)
at KhanAcademy.pas.demo(pas.java:12)
at KhanAcademy.pas.demo(pas.java:12)
at KhanAcademy.pas.demo(pas.java:12)
at KhanAcademy.pas.demo(pas.java:12)
at KhanAcademy.pas.demo(pas.java:12)
at KhanAcademy.pas.demo(pas.java:12)
at KhanAcademy.pas.demo(pas.java:12)
at KhanAcademy.pas.demo(pas.java:12)
at KhanAcademy.pas.demo(pas.java:12)
at KhanAcademy.pas.demo(pas.java:12)
at KhanAcademy.pas.demo(pas.java:12)
at KhanAcademy.pas.demo(pas.java:12)
at KhanAcademy.pas.demo(pas.java:12)
at KhanAcademy.pas.demo(pas.java:12)
at KhanAcademy.pas.demo(pas.java:12)
at KhanAcademy.pas.demo(pas.java:12)
at KhanAcademy.pas.demo(pas.java:12)
at KhanAcademy.pas.demo(pas.java:12)
at KhanAcademy.pas.demo(pas.java:12)
at KhanAcademy.pas.demo(pas.java:12)
at KhanAcademy.pas.demo(pas.java:12)
at KhanAcademy.pas.demo(pas.java:12)
at KhanAcademy.pas.demo(pas.java:12)
at KhanAcademy.pas.demo(pas.java:12)
at KhanAcademy.pas.demo(pas.java:12)
at KhanAcademy.pas.demo(pas.java:12)
at KhanAcademy.pas.demo(pas.java:12)
at KhanAcademy.pas.demo(pas.java:12)
at KhanAcademy.pas.demo(pas.java:12)
at KhanAcademy.pas.demo(pas.java:12)
at KhanAcademy.pas.demo(pas.java:12)
at KhanAcademy.pas.demo(pas.java:12)
at KhanAcademy.pas.demo(pas.java:12)
at KhanAcademy.pas.demo(pas.java:12)
at KhanAcademy.pas.demo(pas.java:12)
at KhanAcademy.pas.demo(pas.java:12)
at KhanAcademy.pas.demo(pas.java:12)
at KhanAcademy.pas.demo(pas.java:12)
at KhanAcademy.pas.demo(pas.java:12)
at KhanAcademy.pas.demo(pas.java:12)
at KhanAcademy.pas.demo(pas.java:12)
at KhanAcademy.pas.demo(pas.java:12)
at KhanAcademy.pas.demo(pas.java:12)
at KhanAcademy.pas.demo(pas.java:12)
at KhanAcademy.pas.demo(pas.java:12)
at KhanAcademy.pas.demo(pas.java:12)
at KhanAcademy.pas.demo(pas.java:12)
at KhanAcademy.pas.demo(pas.java:12)
at KhanAcademy.pas.demo(pas.java:12)
at KhanAcademy.pas.demo(pas.java:12)
at KhanAcademy.pas.demo(pas.java:12)
at KhanAcademy.pas.demo(pas.java:12)
at KhanAcademy.pas.demo(pas.java:12)
at KhanAcademy.pas.demo(pas.java:12)
at KhanAcademy.pas.demo(pas.java:12)
at KhanAcademy.pas.demo(pas.java:12)
at KhanAcademy.pas.demo(pas.java:12)
at KhanAcademy.pas.demo(pas.java:12)
at KhanAcademy.pas.demo(pas.java:12)
at KhanAcademy.pas.demo(pas.java:12)
at KhanAcademy.pas.demo(pas.java:12)
at KhanAcademy.pas.demo(pas.java:12)
at KhanAcademy.pas.demo(pas.java:12)
at KhanAcademy.pas.demo(pas.java:12)
at KhanAcademy.pas.demo(pas.java:12)
at KhanAcademy.pas.demo(pas.java:12)
at KhanAcademy.pas.demo(pas.java:12)
at KhanAcademy.pas.demo(pas.java:12)
at KhanAcademy.pas.demo(pas.java:12)
at KhanAcademy.pas.demo(pas.java:12)
at KhanAcademy.pas.demo(pas.java:12)
at KhanAcademy.pas.demo(pas.java:12)
at KhanAcademy.pas.demo(pas.java:12)
at KhanAcademy.pas.demo(pas.java:12)
at KhanAcademy.pas.demo(pas.java:12)
at KhanAcademy.pas.demo(pas.java:12)
at KhanAcademy.pas.demo(pas.java:12)
at KhanAcademy.pas.demo(pas.java:12)
at KhanAcademy.pas.demo(pas.java:12)
at KhanAcademy.pas.demo(pas.java:12)
at KhanAcademy.pas.demo(pas.java:12)
at KhanAcademy.pas.demo(pas.java:12)
at KhanAcademy.pas.demo(pas.java:12)
at KhanAcademy.pas.demo(pas.java:12)
at KhanAcademy.pas.demo(pas.java:12)
at KhanAcademy.pas.demo(pas.java:12)
at KhanAcademy.pas.demo(pas.java:12)
at KhanAcademy.pas.demo(pas.java:12)
at KhanAcademy.pas.demo(pas.java:12)
at KhanAcademy.pas.demo(pas.java:12)
at KhanAcademy.pas.demo(pas.java:12)
at KhanAcademy.pas.demo(pas.java:12)
at KhanAcademy.pas.demo(pas.java:12)
at KhanAcademy.pas.demo(pas.java:12)
at KhanAcademy.pas.demo(pas.java:12)
at KhanAcademy.pas.demo(pas.java:12)
at KhanAcademy.pas.demo(pas.java:12)
at KhanAcademy.pas.demo(pas.java:12)
at KhanAcademy.pas.demo(pas.java:12)
at KhanAcademy.pas.demo(pas.java:12)
at KhanAcademy.pas.demo(pas.java:12)
at KhanAcademy.pas.demo(pas.java:12)
at KhanAcademy.pas.demo(pas.java:12)
at KhanAcademy.pas.demo(pas.java:12)
at KhanAcademy.pas.demo(pas.java:12)
at KhanAcademy.pas.demo(pas.java:12)
at KhanAcademy.pas.demo(pas.java:12)
at KhanAcademy.pas.demo(pas.java:12)
at KhanAcademy.pas.demo(pas.java:12)
at KhanAcademy.pas.demo(pas.java:12)
at KhanAcademy.pas.demo(pas.java:12)
at KhanAcademy.pas.demo(pas.java:12)
at KhanAcademy.pas.demo(pas.java:12)
at KhanAcademy.pas.demo(pas.java:12)
at KhanAcademy.pas.demo(pas.java:12)
at KhanAcademy.pas.demo(pas.java:12)
at KhanAcademy.pas.demo(pas.java:12)
at KhanAcademy.pas.demo(pas.java:12)
at KhanAcademy.pas.demo(pas.java:12)
at KhanAcademy.pas.demo(pas.java:12)
at KhanAcademy.pas.demo(pas.java:12)
at KhanAcademy.pas.demo(pas.java:12)
at KhanAcademy.pas.demo(pas.java:12)
at KhanAcademy.pas.demo(pas.java:12)
at KhanAcademy.pas.demo(pas.java:12)
at KhanAcademy.pas.demo(pas.java:12)
at KhanAcademy.pas.demo(pas.java:12)
at KhanAcademy.pas.demo(pas.java:12)
at KhanAcademy.pas.demo(pas.java:12)
at KhanAcademy.pas.demo(pas.java:12)
at KhanAcademy.pas.demo(pas.java:12)
at KhanAcademy.pas.demo(pas.java:12)
at KhanAcademy.pas.demo(pas.java:12)
at KhanAcademy.pas.demo(pas.java:12)
at KhanAcademy.pas.demo(pas.java:12)
at KhanAcademy.pas.demo(pas.java:12)
at KhanAcademy.pas.demo(pas.java:12)
at KhanAcademy.pas.demo(pas.java:12)
at KhanAcademy.pas.demo(pas.java:12)
at KhanAcademy.pas.demo(pas.java:12)
at KhanAcademy.pas.demo(pas.java:12)
at KhanAcademy.pas.demo(pas.java:12)
at KhanAcademy.pas.demo(pas.java:12)
at KhanAcademy.pas.demo(pas.java:12)
at KhanAcademy.pas.demo(pas.java:12)
at KhanAcademy.pas.demo(pas.java:12)
at KhanAcademy.pas.demo(pas.java:12)
at KhanAcademy.pas.demo(pas.java:12)
at KhanAcademy.pas.demo(pas.java:12)
at KhanAcademy.pas.demo(pas.java:12)
at KhanAcademy.pas.demo(pas.java:12)
at KhanAcademy.pas.demo(pas.java:12)
at KhanAcademy.pas.demo(pas.java:12)
at KhanAcademy.pas.demo(pas.java:12)
at KhanAcademy.pas.demo(pas.java:12)
at KhanAcademy.pas.demo(pas.java:12)
at KhanAcademy.pas.demo(pas.java:12)
at KhanAcademy.pas.demo(pas.java:12)
at KhanAcademy.pas.demo(pas.java:12)
at KhanAcademy.pas.demo(pas.java:12)
at KhanAcademy.pas.demo(pas.java:12)
at KhanAcademy.pas.demo(pas.java:12)
at KhanAcademy.pas.demo(pas.java:12)
at KhanAcademy.pas.demo(pas.java:12)
at KhanAcademy.pas.demo(pas.java:12)
at KhanAcademy.pas.demo(pas.java:12)
at KhanAcademy.pas.demo(pas.java:12)
at KhanAcademy.pas.demo(pas.java:12)
at KhanAcademy.pas.demo(pas.java:12)
at KhanAcademy.pas.demo(pas.java:12)
at KhanAcademy.pas.demo(pas.java:12)
at KhanAcademy.pas.demo(pas.java:12)
at KhanAcademy.pas.demo(pas.java:12)
at KhanAcademy.pas.demo(pas.java:12)
at KhanAcademy.pas.demo(pas.java:12)
at KhanAcademy.pas.demo(pas.java:12)
at KhanAcademy.pas.demo(pas.java:12)
at KhanAcademy.pas.demo(pas.java:12)
at KhanAcademy.pas.demo(pas.java:12)
at KhanAcademy.pas.demo(pas.java:12)
at KhanAcademy.pas.demo(pas.java:12)
at KhanAcademy.pas.demo(pas.java:12)
at KhanAcademy.pas.demo(pas.java:12)
at KhanAcademy.pas.demo(pas.java:12)
at KhanAcademy.pas.demo(pas.java:12)
at KhanAcademy.pas.demo(pas.java:12)
at KhanAcademy.pas.demo(pas.java:12)
at KhanAcademy.pas.demo(pas.java:12)
at KhanAcademy.pas.demo(pas.java:12)
at KhanAcademy.pas.demo(pas.java:12)
at KhanAcademy.pas.demo(pas.java:12)
at KhanAcademy.pas.demo(pas.java:12)
at KhanAcademy.pas.demo(pas.java:12)
at KhanAcademy.pas.demo(pas.java:12)
at KhanAcademy.pas.demo(pas.java:12)
at KhanAcademy.pas.demo(pas.java:12)
at KhanAcademy.pas.demo(pas.java:12)
at KhanAcademy.pas.demo(pas.java:12)
at KhanAcademy.pas.demo(pas.java:12)
at KhanAcademy.pas.demo(pas.java:12)
at KhanAcademy.pas.demo(pas.java:12)
at KhanAcademy.pas.demo(pas.java:12)
at KhanAcademy.pas.demo(pas.java:12)
at KhanAcademy.pas.demo(pas.java:12)
at KhanAcademy.pas.demo(pas.java:12)
at KhanAcademy.pas.demo(pas.java:12)
at KhanAcademy.pas.demo(pas.java:12)
at KhanAcademy.pas.demo(pas.java:12)
at KhanAcademy.pas.demo(pas.java:12)
at KhanAcademy.pas.demo(pas.java:12)
at KhanAcademy.pas.demo(pas.java:12)
at KhanAcademy.pas.demo(pas.java:12)
at KhanAcademy.pas.demo(pas.java:12)
at KhanAcademy.pas.demo(pas.java:12)
at KhanAcademy.pas.demo(pas.java:12)
at KhanAcademy.pas.demo(pas.java:12)
at KhanAcademy.pas.demo(pas.java:12)
at KhanAcademy.pas.demo(pas.java:12)
at KhanAcademy.pas.demo(pas.java:12)
at KhanAcademy.pas.demo(pas.java:12)
at KhanAcademy.pas.demo(pas.java:12)
at KhanAcademy.pas.demo(pas.java:12)
at KhanAcademy.pas.demo(pas.java:12)
at KhanAcademy.pas.demo(pas.java:12)
at KhanAcademy.pas.demo(pas.java:12)
at KhanAcademy.pas.demo(pas.java:12)
at KhanAcademy.pas.demo(pas.java:12)
at KhanAcademy.pas.demo(pas.java:12)
at KhanAcademy.pas.demo(pas.java:12)
at KhanAcademy.pas.demo(pas.java:12)
at KhanAcademy.pas.demo(pas.java:12)
at KhanAcademy.pas.demo(pas.java:12)
at KhanAcademy.pas.demo(pas.java:12)
at KhanAcademy.pas.demo(pas.java:12)
at KhanAcademy.pas.demo(pas.java:12)
at KhanAcademy.pas.demo(pas.java:12)
at KhanAcademy.pas.demo(pas.java:12)
at KhanAcademy.pas.demo(pas.java:12)
at KhanAcademy.pas.demo(pas.java:12)
at KhanAcademy.pas.demo(pas.java:12)
at KhanAcademy.pas.demo(pas.java:12)
at KhanAcademy.pas.demo(pas.java:12)
at KhanAcademy.pas.demo(pas.java:12)
at KhanAcademy.pas.demo(pas.java:12)
at KhanAcademy.pas.demo(pas.java:12)
at KhanAcademy.pas.demo(pas.java:12)
at KhanAcademy.pas.demo(pas.java:12)
at KhanAcademy.pas.demo(pas.java:12)
at KhanAcademy.pas.demo(pas.java:12)
at KhanAcademy.pas.demo(pas.java:12)
at KhanAcademy.pas.demo(pas.java:12)
at KhanAcademy.pas.demo(pas.java:12)
at KhanAcademy.pas.demo(pas.java:12)
at KhanAcademy.pas.demo(pas.java:12)
at KhanAcademy.pas.demo(pas.java:12)
at KhanAcademy.pas.demo(pas.java:12)
at KhanAcademy.pas.demo(pas.java:12)
at KhanAcademy.pas.demo(pas.java:12)
at KhanAcademy.pas.demo(pas.java:12)
at KhanAcademy.pas.demo(pas.java:12)
at KhanAcademy.pas.demo(pas.java:12)
at KhanAcademy.pas.demo(pas.java:12)
at KhanAcademy.pas.demo(pas.java:12)
at KhanAcademy.pas.demo(pas.java:12)
at KhanAcademy.pas.demo(pas.java:12)
at KhanAcademy.pas.demo(pas.java:12)
at KhanAcademy.pas.demo(pas.java:12)
at KhanAcademy.pas.demo(pas.java:12)
at KhanAcademy.pas.demo(pas.java:12)
at KhanAcademy.pas.demo(pas.java:12)
at KhanAcademy.pas.demo(pas.java:12)
at KhanAcademy.pas.demo(pas.java:12)
at KhanAcademy.pas.demo(pas.java:12)
at KhanAcademy.pas.demo(pas.java:12)
at KhanAcademy.pas.demo(pas.java:12)
at KhanAcademy.pas.demo(pas.java:12)
at KhanAcademy.pas.demo(pas.java:12)
at KhanAcademy.pas.demo(pas.java:12)
at KhanAcademy.pas.demo(pas.java:12)
at KhanAcademy.pas.demo(pas.java:12)
at KhanAcademy.pas.demo(pas.java:12)
at KhanAcademy.pas.demo(pas.java:12)
at KhanAcademy.pas.demo(pas.java:12)
at KhanAcademy.pas.demo(pas.java:12)
at KhanAcademy.pas.demo(pas.java:12)
at KhanAcademy.pas.demo(pas.java:12)
at KhanAcademy.pas.demo(pas.java:12)
at KhanAcademy.pas.demo(pas.java:12)
at KhanAcademy.pas.demo(pas.java:12)
at KhanAcademy.pas.demo(pas.java:12)
at KhanAcademy.pas.demo(pas.java:12)
at KhanAcademy.pas.demo(pas.java:12)
at KhanAcademy.pas.demo(pas.java:12)
at KhanAcademy.pas.demo(pas.java:12)
at KhanAcademy.pas.demo(pas.java:12)
at KhanAcademy.pas.demo(pas.java:12)
at KhanAcademy.pas.demo(pas.java:12)
at KhanAcademy.pas.demo(pas.java:12)
at KhanAcademy.pas.demo(pas.java:12)
at KhanAcademy.pas.demo(pas.java:12)
at KhanAcademy.pas.demo(pas.java:12)
at KhanAcademy.pas.demo(pas.java:12)
at KhanAcademy.pas.demo(pas.java:12)
at KhanAcademy.pas.demo(pas.java:12)
at KhanAcademy.pas.demo(pas.java:12)
at KhanAcademy.pas.demo(pas.java:12)
at KhanAcademy.pas.demo(pas.java:12)
at KhanAcademy.pas.demo(pas.java:12)
at KhanAcademy.pas.demo(pas.java:12)
at KhanAcademy.pas.demo(pas.java:12)
at KhanAcademy.pas.demo(pas.java:12)
at KhanAcademy.pas.demo(pas.java:12)
at KhanAcademy.pas.demo(pas.java:12)
at KhanAcademy.pas.demo(pas.java:12)
at KhanAcademy.pas.demo(pas.java:12)
at KhanAcademy.pas.demo(pas.java:12)
at KhanAcademy.pas.demo(pas.java:12)
at KhanAcademy.pas.demo(pas.java:12)
at KhanAcademy.pas.demo(pas.java:12)
at KhanAcademy.pas.demo(pas.java:12)
at KhanAcademy.pas.demo(pas.java:12)
at KhanAcademy.pas.demo(pas.java:12)
at KhanAcademy.pas.demo(pas.java:12)
at KhanAcademy.pas.demo(pas.java:12)
at KhanAcademy.pas.demo(pas.java:12)
at KhanAcademy.pas.demo(pas.java:12)
at KhanAcademy.pas.demo(pas.java:12)
at KhanAcademy.pas.demo(pas.java:12)
at KhanAcademy.pas.demo(pas.java:12)
at KhanAcademy.pas.demo(pas.java:12)
at KhanAcademy.pas.demo(pas.java:12)
at KhanAcademy.pas.demo(pas.java:12)
at KhanAcademy.pas.demo(pas.java:12)
at KhanAcademy.pas.demo(pas.java:12)
at KhanAcademy.pas.demo(pas.java:12)
at KhanAcademy.pas.demo(pas.java:12)
at KhanAcademy.pas.demo(pas.java:12)
at KhanAcademy.pas.demo(pas.java:12)
at KhanAcademy.pas.demo(pas.java:12)
at KhanAcademy.pas.demo(pas.java:12)
at KhanAcademy.pas.demo(pas.java:12)
at KhanAcademy.pas.demo(pas.java:12)
at KhanAcademy.pas.demo(pas.java:12)
at KhanAcademy.pas.demo(pas.java:12)
at KhanAcademy.pas.demo(pas.java:12)
at KhanAcademy.pas.demo(pas.java:12)
at KhanAcademy.pas.demo(pas.java:12)
at KhanAcademy.pas.demo(pas.java:12)
at KhanAcademy.pas.demo(pas.java:12)
at KhanAcademy.pas.demo(pas.java:12)
at KhanAcademy.pas.demo(pas.java:12)
at KhanAcademy.pas.demo(pas.java:12)
at KhanAcademy.pas.demo(pas.java:12)
at KhanAcademy.pas.demo(pas.java:12)
at KhanAcademy.pas.demo(pas.java:12)
at KhanAcademy.pas.demo(pas.java:12)
at KhanAcademy.pas.demo(pas.java:12)
at KhanAcademy.pas.demo(pas.java:12)
at KhanAcademy.pas.demo(pas.java:12)
at KhanAcademy.pas.demo(pas.java:12)
at KhanAcademy.pas.demo(pas.java:12)
at KhanAcademy.pas.demo(pas.java:12)
at KhanAcademy.pas.demo(pas.java:12)
at KhanAcademy.pas.demo(pas.java:12)
at KhanAcademy.pas.demo(pas.java:12)
at KhanAcademy.pas.demo(pas.java:12)
at KhanAcademy.pas.demo(pas.java:12)
at KhanAcademy.pas.demo(pas.java:12)
at KhanAcademy.pas.demo(pas.java:12)
at KhanAcademy.pas.demo(pas.java:12)
at KhanAcademy.pas.demo(pas.java:12)
at KhanAcademy.pas.demo(pas.java:12)
at KhanAcademy.pas.demo(pas.java:12)
at KhanAcademy.pas.demo(pas.java:12)
at KhanAcademy.pas.demo(pas.java:12)
at KhanAcademy.pas.demo(pas.java:12)
at KhanAcademy.pas.demo(pas.java:12)
at KhanAcademy.pas.demo(pas.java:12)
at KhanAcademy.pas.demo(pas.java:12)
at KhanAcademy.pas.demo(pas.java:12)
at KhanAcademy.pas.demo(pas.java:12)
at KhanAcademy.pas.demo(pas.java:12)
at KhanAcademy.pas.demo(pas.java:12)
at KhanAcademy.pas.demo(pas.java:12)
at KhanAcademy.pas.demo(pas.java:12)
at KhanAcademy.pas.demo(pas.java:12)
at KhanAcademy.pas.demo(pas.java:12)
at KhanAcademy.pas.demo(pas.java:12)
at KhanAcademy.pas.demo(pas.java:12)
at KhanAcademy.pas.demo(pas.java:12)
at KhanAcademy.pas.demo(pas.java:12)
at KhanAcademy.pas.demo(pas.java:12)
at KhanAcademy.pas.demo(pas.java:12)
at KhanAcademy.pas.demo(pas.java:12)
at KhanAcademy.pas.demo(pas.java:12)
at KhanAcademy.pas.demo(pas.java:12)
at KhanAcademy.pas.demo(pas.java:12)
at KhanAcademy.pas.demo(pas.java:12)
at KhanAcademy.pas.demo(pas.java:12)
at KhanAcademy.pas.demo(pas.java:12)
at KhanAcademy.pas.demo(pas.java:12)
at KhanAcademy.pas.demo(pas.java:12)
at KhanAcademy.pas.demo(pas.java:12)
at KhanAcademy.pas.demo(pas.java:12)
at KhanAcademy.pas.demo(pas.java:12)
at KhanAcademy.pas.demo(pas.java:12)
at KhanAcademy.pas.demo(pas.java:12)
at KhanAcademy.pas.demo(pas.java:12)
at KhanAcademy.pas.demo(pas.java:12)
at KhanAcademy.pas.demo(pas.java:12)
at KhanAcademy.pas.demo(pas.java:12)
at KhanAcademy.pas.demo(pas.java:12)
at KhanAcademy.pas.demo(pas.java:12)
at KhanAcademy.pas.demo(pas.java:12)
at KhanAcademy.pas.demo(pas.java:12)
at KhanAcademy.pas.demo(pas.java:12)
at KhanAcademy.pas.demo(pas.java:12)
at KhanAcademy.pas.demo(pas.java:12)
at KhanAcademy.pas.demo(pas.java:12)
at KhanAcademy.pas.demo(pas.java:12)
at KhanAcademy.pas.demo(pas.java:12)
at KhanAcademy.pas.demo(pas.java:12)
at KhanAcademy.pas.demo(pas.java:12)
at KhanAcademy.pas.demo(pas.java:12)
at KhanAcademy.pas.demo(pas.java:12)
at KhanAcademy.pas.demo(pas.java:12)
at KhanAcademy.pas.demo(pas.java:12)
at KhanAcademy.pas.demo(pas.java:12)
at KhanAcademy.pas.demo(pas.java:12)
at KhanAcademy.pas.demo(pas.java:12)
at KhanAcademy.pas.demo(pas.java:12)
at KhanAcademy.pas.demo(pas.java:12)
at KhanAcademy.pas.demo(pas.java:12)
at KhanAcademy.pas.demo(pas.java:12)
at KhanAcademy.pas.demo(pas.java:12)
at KhanAcademy.pas.demo(pas.java:12)
at KhanAcademy.pas.demo(pas.java:12)
at KhanAcademy.pas.demo(pas.java:12)
at KhanAcademy.pas.demo(pas.java:12)
at KhanAcademy.pas.demo(pas.java:12)
at KhanAcademy.pas.demo(pas.java:12)
at KhanAcademy.pas.demo(pas.java:12)
at KhanAcademy.pas.demo(pas.java:12)
at KhanAcademy.pas.demo(pas.java:12)
at KhanAcademy.pas.demo(pas.java:12)
at KhanAcademy.pas.demo(pas.java:12)
at KhanAcademy.pas.demo(pas.java:12)
at KhanAcademy.pas.demo(pas.java:12)
at KhanAcademy.pas.demo(pas.java:12)
at KhanAcademy.pas.demo(pas.java:12)
at KhanAcademy.pas.demo(pas.java:12)
at KhanAcademy.pas.demo(pas.java:12)
at KhanAcademy.pas.demo(pas.java:12)
at KhanAcademy.pas.demo(pas.java:12)
at KhanAcademy.pas.demo(pas.java:12)
at KhanAcademy.pas.demo(pas.java:12)
at KhanAcademy.pas.demo(pas.java:12)
at KhanAcademy.pas.demo(pas.java:12)
at KhanAcademy.pas.demo(pas.java:12)
at KhanAcademy.pas.demo(pas.java:12)
at KhanAcademy.pas.demo(pas.java:12)
at KhanAcademy.pas.demo(pas.java:12)
at KhanAcademy.pas.demo(pas.java:12)
at KhanAcademy.pas.demo(pas.java:12)
at KhanAcademy.pas.demo(pas.java:12)
at KhanAcademy.pas.demo(pas.java:12)
at KhanAcademy.pas.demo(pas.java:12)
at KhanAcademy.pas.demo(pas.java:12)
at KhanAcademy.pas.demo(pas.java:12)
at KhanAcademy.pas.demo(pas.java:12)
at KhanAcademy.pas.demo(pas.java:12)
at KhanAcademy.pas.demo(pas.java:12)
at KhanAcademy.pas.demo(pas.java:12)
at KhanAcademy.pas.demo(pas.java:12)
at KhanAcademy.pas.demo(pas.java:12)
at KhanAcademy.pas.demo(pas.java:12)
at KhanAcademy.pas.demo(pas.java:12)
at KhanAcademy.pas.demo(pas.java:12)
at KhanAcademy.pas.demo(pas.java:12)
at KhanAcademy.pas.demo(pas.java:12)
at KhanAcademy.pas.demo(pas.java:12)
at KhanAcademy.pas.demo(pas.java:12)
at KhanAcademy.pas.demo(pas.java:12)
at KhanAcademy.pas.demo(pas.java:12)
at KhanAcademy.pas.demo(pas.java:12)
at KhanAcademy.pas.demo(pas.java:12)
at KhanAcademy.pas.demo(pas.java:12)
at KhanAcademy.pas.demo(pas.java:12)
at KhanAcademy.pas.demo(pas.java:12)
at KhanAcademy.pas.demo(pas.java:12)
at KhanAcademy.pas.demo(pas.java:12)
at KhanAcademy.pas.demo(pas.java:12)
at KhanAcademy.pas.demo(pas.java:12)
at KhanAcademy.pas.demo(pas.java:12)
at KhanAcademy.pas.demo(pas.java:12)
at KhanAcademy.pas.demo(pas.java:12)
at KhanAcademy.pas.demo(pas.java:12)
at KhanAcademy.pas.demo(pas.java:12)
at KhanAcademy.pas.demo(pas.java:12)
at KhanAcademy.pas.demo(pas.java:12)
at KhanAcademy.pas.demo(pas.java:12)
at KhanAcademy.pas.demo(pas.java:12)
at KhanAcademy.pas.demo(pas.java:12)
at KhanAcademy.pas.demo(pas.java:12)
at KhanAcademy.pas.demo(pas.java:12)
at KhanAcademy.pas.demo(pas.java:12)
at KhanAcademy.pas.demo(pas.java:12)
at KhanAcademy.pas.demo(pas.java:12)
at KhanAcademy.pas.demo(pas.java:12)
at KhanAcademy.pas.demo(pas.java:12)
at KhanAcademy.pas.demo(pas.java:12)
at KhanAcademy.pas.demo(pas.java:12)
at KhanAcademy.pas.demo(pas.java:12)
at KhanAcademy.pas.demo(pas.java:12)
at KhanAcademy.pas.demo(pas.java:12)
at KhanAcademy.pas.demo(pas.java:12)
at KhanAcademy.pas.demo(pas.java:12)
at KhanAcademy.pas.demo(pas.java:12)
at KhanAcademy.pas.demo(pas.java:12)
at KhanAcademy.pas.demo(pas.java:12)
at KhanAcademy.pas.demo(pas.java:12)
at KhanAcademy.pas.demo(pas.java:12)
at KhanAcademy.pas.demo(pas.java:12)
at KhanAcademy.pas.demo(pas.java:12)
at KhanAcademy.pas.demo(pas.java:12)
at KhanAcademy.pas.demo(pas.java:12)
at KhanAcademy.pas.demo(pas.java:12)
at KhanAcademy.pas.demo(pas.java:12)
at KhanAcademy.pas.demo(pas.java:12)
at KhanAcademy.pas.demo(pas.java:12)
at KhanAcademy.pas.demo(pas.java:12)
at KhanAcademy.pas.demo(pas.java:12)
at KhanAcademy.pas.demo(pas.java:12)
at KhanAcademy.pas.demo(pas.java:12)
at KhanAcademy.pas.demo(pas.java:12)
at KhanAcademy.pas.demo(pas.java:12)
at KhanAcademy.pas.demo(pas.java:12)
at KhanAcademy.pas.demo(pas.java:12)
at KhanAcademy.pas.demo(pas.java:12)
at KhanAcademy.pas.demo(pas.java:12)
at KhanAcademy.pas.demo(pas.java:12)
at KhanAcademy.pas.demo(pas.java:12)
at KhanAcademy.pas.demo(pas.java:12)
at KhanAcademy.pas.demo(pas.java:12)
at KhanAcademy.pas.demo(pas.java:12)
at KhanAcademy.pas.demo(pas.java:12)
at KhanAcademy.pas.demo(pas.java:12)
at KhanAcademy.pas.demo(pas.java:12)
at KhanAcademy.pas.demo(pas.java:12)
at KhanAcademy.pas.demo(pas.java:12)
at KhanAcademy.pas.demo(pas.java:12)
at KhanAcademy.pas.demo(pas.java:12)
at KhanAcademy.pas.demo(pas.java:12)
at KhanAcademy.pas.demo(pas.java:12)
at KhanAcademy.pas.demo(pas.java:12)
at KhanAcademy.pas.demo(pas.java:12)
at KhanAcademy.pas.demo(pas.java:12)
at KhanAcademy.pas.demo(pas.java:12)
at KhanAcademy.pas.demo(pas.java:12)
at KhanAcademy.pas.demo(pas.java:12)
at KhanAcademy.pas.demo(pas.java:12)
at KhanAcademy.pas.demo(pas.java:12)
at KhanAcademy.pas.demo(pas.java:12)
at KhanAcademy.pas.demo(pas.java:12)
at KhanAcademy.pas.demo(pas.java:12)
at KhanAcademy.pas.demo(pas.java:12)
at KhanAcademy.pas.demo(pas.java:12)
at KhanAcademy.pas.demo(pas.java:12)
at KhanAcademy.pas.demo(pas.java:12)
at KhanAcademy.pas.demo(pas.java:12)
at KhanAcademy.pas.demo(pas.java:12)
at KhanAcademy.pas.demo(pas.java:12)
at KhanAcademy.pas.demo(pas.java:12)
at KhanAcademy.pas.demo(pas.java:12)
at KhanAcademy.pas.demo(pas.java:12)
at KhanAcademy.pas.demo(pas.java:12)
at KhanAcademy.pas.demo(pas.java:12)
at KhanAcademy.pas.demo(pas.java:12)
at KhanAcademy.pas.demo(pas.java:12)
at KhanAcademy.pas.demo(pas.java:12)
at KhanAcademy.pas.demo(pas.java:12)
at KhanAcademy.pas.demo(pas.java:12)
at KhanAcademy.pas.demo(pas.java:12)
at KhanAcademy.pas.demo(pas.java:12)
at KhanAcademy.pas.demo(pas.java:12)
at KhanAcademy.pas.demo(pas.java:12)
at KhanAcademy.pas.demo(pas.java:12)
at KhanAcademy.pas.demo(pas.java:12)
at KhanAcademy.pas.demo(pas.java:12)
at KhanAcademy.pas.demo(pas.java:12)
at KhanAcademy.pas.demo(pas.java:12)
at KhanAcademy.pas.demo(pas.java:12)
at KhanAcademy.pas.demo(pas.java:12)
at KhanAcademy.pas.demo(pas.java:12)
at KhanAcademy.pas.demo(pas.java:12)
at KhanAcademy.pas.demo(pas.java:12)
at KhanAcademy.pas.demo(pas.java:12)
at KhanAcademy.pas.demo(pas.java:12)
at KhanAcademy.pas.demo(pas.java:12)
at KhanAcademy.pas.demo(pas.java:12)
at KhanAcademy.pas.demo(pas.java:12)
at KhanAcademy.pas.demo(pas.java:12)
at KhanAcademy.pas.demo(pas.java:12)
at KhanAcademy.pas.demo(pas.java:12)
at KhanAcademy.pas.demo(pas.java:12)
at KhanAcademy.pas.demo(pas.java:12)
at KhanAcademy.pas.demo(pas.java:12)
at KhanAcademy.pas.demo(pas.java:12)
at KhanAcademy.pas.demo(pas.java:12)
at KhanAcademy.pas.demo(pas.java:12)
at KhanAcademy.pas.demo(pas.java:12)
at KhanAcademy.pas.demo(pas.java:12)
at KhanAcademy.pas.demo(pas.java:12)
at KhanAcademy.pas.demo(pas.java:12)
at KhanAcademy.pas.demo(pas.java:12)
at KhanAcademy.pas.demo(pas.java:12)
at KhanAcademy.pas.demo(pas.java:12)
at KhanAcademy.pas.demo(pas.java:12)
at KhanAcademy.pas.demo(pas.java:12)
at KhanAcademy.pas.demo(pas.java:12)
at KhanAcademy.pas.demo(pas.java:12)
at KhanAcademy.pas.demo(pas.java:12)
at KhanAcademy.pas.demo(pas.java:12)
at KhanAcademy.pas.demo(pas.java:12)
at KhanAcademy.pas.demo(pas.java:12)
at KhanAcademy.pas.demo(pas.java:12)
at KhanAcademy.pas.demo(pas.java:12)
at KhanAcademy.pas.demo(pas.java:12)
at KhanAcademy.pas.demo(pas.java:12)
at KhanAcademy.pas.demo(pas.java:12)
at KhanAcademy.pas.demo(pas.java:12)
at KhanAcademy.pas.demo(pas.java:12)
at KhanAcademy.pas.demo(pas.java:12)
at KhanAcademy.pas.demo(pas.java:12)
at KhanAcademy.pas.demo(pas.java:12)
at KhanAcademy.pas.demo(pas.java:12)
at KhanAcademy.pas.demo(pas.java:12)
at KhanAcademy.pas.demo(pas.java:12)
at KhanAcademy.pas.demo(pas.java:12)
at KhanAcademy.pas.demo(pas.java:12)
at KhanAcademy.pas.demo(pas.java:12)
at KhanAcademy.pas.demo(pas.java:12)
at KhanAcademy.pas.demo(pas.java:12)
at KhanAcademy.pas.demo(pas.java:12)
at KhanAcademy.pas.demo(pas.java:12)
at KhanAcademy.pas.demo(pas.java:12)
at KhanAcademy.pas.demo(pas.java:12)
at KhanAcademy.pas.demo(pas.java:12)
at KhanAcademy.pas.demo(pas.java:12)
at KhanAcademy.pas.demo(pas.java:12)
at KhanAcademy.pas.demo(pas.java:12)
at KhanAcademy.pas.demo(pas.java:12)
at KhanAcademy.pas.demo(pas.java:12)
at KhanAcademy.pas.demo(pas.java:12)
at KhanAcademy.pas.demo(pas.java:12)
at KhanAcademy.pas.demo(pas.java:12)
at KhanAcademy.pas.demo(pas.java:12)
at KhanAcademy.pas.demo(pas.java:12)
at KhanAcademy.pas.demo(pas.java:12)
at KhanAcademy.pas.demo(pas.java:12)
at KhanAcademy.pas.demo(pas.java:12)
at KhanAcademy.pas.demo(pas.java:12)
at KhanAcademy.pas.demo(pas.java:12)
at KhanAcademy.pas.demo(pas.java:12)
at KhanAcademy.pas.demo(pas.java:12)
at KhanAcademy.pas.demo(pas.java:12)
at KhanAcademy.pas.demo(pas.java:12)
at KhanAcademy.pas.demo(pas.java:12)
at KhanAcademy.pas.demo(pas.java:12)
at KhanAcademy.pas.demo(pas.java:12)
at KhanAcademy.pas.demo(pas.java:12)
at KhanAcademy.pas.demo(pas.java:12)
at KhanAcademy.pas.demo(pas.java:12)
at KhanAcademy.pas.demo(pas.java:12)
at KhanAcademy.pas.demo(pas.java:12)
at KhanAcademy.pas.demo(pas.java:12)
at KhanAcademy.pas.demo(pas.java:12)
at KhanAcademy.pas.demo(pas.java:12)
at KhanAcademy.pas.demo(pas.java:12)
at KhanAcademy.pas.demo(pas.java:12)
at KhanAcademy.pas.demo(pas.java:12)
at KhanAcademy.pas.demo(pas.java:12)
at KhanAcademy.pas.demo(pas.java:12)
at KhanAcademy.pas.demo(pas.java:12)
at KhanAcademy.pas.demo(pas.java:12)
at KhanAcademy.pas.demo(pas.java:12)
at KhanAcademy.pas.demo(pas.java:12)
at KhanAcademy.pas.demo(pas.java:12)
at KhanAcademy.pas.demo(pas.java:12)
at KhanAcademy.pas.demo(pas.java:12)
at KhanAcademy.pas.demo(pas.java:12)
at KhanAcademy.pas.demo(pas.java:12)
at KhanAcademy.pas.demo(pas.java:12)
at KhanAcademy.pas.demo(pas.java:12)
at KhanAcademy.pas.demo(pas.java:12)
at KhanAcademy.pas.demo(pas.java:12)
at KhanAcademy.pas.demo(pas.java:12)
at KhanAcademy.pas.demo(pas.java:12)
at KhanAcademy.pas.demo(pas.java:12)
at KhanAcademy.pas.demo(pas.java:12)
at KhanAcademy.pas.demo(pas.java:12)
at KhanAcademy.pas.demo(pas.java:12)
at KhanAcademy.pas.demo(pas.java:12)
at KhanAcademy.pas.demo(pas.java:12)
at KhanAcademy.pas.demo(pas.java:12)
at KhanAcademy.pas.demo(pas.java:12)
at KhanAcademy.pas.demo(pas.java:12)
at KhanAcademy.pas.demo(pas.java:12)
at KhanAcademy.pas.demo(pas.java:12)
at KhanAcademy.pas.demo(pas.java:12)
at KhanAcademy.pas.demo(pas.java:12)
at KhanAcademy.pas.demo(pas.java:12)
at KhanAcademy.pas.demo(pas.java:12)
at KhanAcademy.pas.demo(pas.java:12)
at KhanAcademy.pas.demo(pas.java:12)
at KhanAcademy.pas.demo(pas.java:12)
at KhanAcademy.pas.demo(pas.java:12)
at KhanAcademy.pas.demo(pas.java:12)
at KhanAcademy.pas.demo(pas.java:12)
at KhanAcademy.pas.demo(pas.java:12)
at KhanAcademy.pas.demo(pas.java:12)
at KhanAcademy.pas.demo(pas.java:12)
at KhanAcademy.pas.demo(pas.java:12)
at KhanAcademy.pas.demo(pas.java:12)
at KhanAcademy.pas.demo(pas.java:12)
at KhanAcademy.pas.demo(pas.java:12)
at KhanAcademy.pas.demo(pas.java:12)
at KhanAcademy.pas.demo(pas.java:12)
at KhanAcademy.pas.demo(pas.java:12)
at KhanAcademy.pas.demo(pas.java:12)
at KhanAcademy.pas.demo(pas.java:12)
at KhanAcademy.pas.demo(pas.java:12)
at KhanAcademy.pas.demo(pas.java:12)
at KhanAcademy.pas.demo(pas.java:12)
at KhanAcademy.pas.demo(pas.java:12)
at KhanAcademy.pas.demo(pas.java:12)
at KhanAcademy.pas.demo(pas.java:12)
at KhanAcademy.pas.demo(pas.java:12)
at KhanAcademy.pas.demo(pas.java:12)
at KhanAcademy.pas.demo(pas.java:12)
at KhanAcademy.pas.demo(pas.java:12)
at KhanAcademy.pas.demo(pas.java:12)
at KhanAcademy.pas.demo(pas.java:12)
at KhanAcademy.pas.demo(pas.java:12)
at KhanAcademy.pas.demo(pas.java:12)
at KhanAcademy.pas.demo(pas.java:12)
at KhanAcademy.pas.demo(pas.java:12)
at KhanAcademy.pas.demo(pas.java:12)
at KhanAcademy.pas.demo(pas.java:12)
at KhanAcademy.pas.demo(pas.java:12)
at KhanAcademy.pas.demo(pas.java:12)
at KhanAcademy.pas.demo(pas.java:12)
at KhanAcademy.pas.demo(pas.java:12)
at KhanAcademy.pas.demo(pas.java:12)
at KhanAcademy.pas.demo(pas.java:12)
at KhanAcademy.pas.demo(pas.java:12)
at KhanAcademy.pas.demo(pas.java:12)
at KhanAcademy.pas.demo(pas.java:12)
at KhanAcademy.pas.demo(pas.java:12)
at KhanAcademy.pas.demo(pas.java:12)
at KhanAcademy.pas.demo(pas.java:12)
at KhanAcademy.pas.demo(pas.java:12)
at KhanAcademy.pas.demo(pas.java:12)
at KhanAcademy.pas.demo(pas.java:12)
at KhanAcademy.pas.demo(pas.java:12)
at KhanAcademy.pas.demo(pas.java:12)
at KhanAcademy.pas.demo(pas.java:12)
at KhanAcademy.pas.demo(pas.java:12)
at KhanAcademy.pas.demo(pas.java:12)
at KhanAcademy.pas.demo(pas.java:12)
at KhanAcademy.pas.demo(pas.java:12)
at KhanAcademy.pas.demo(pas.java:12)
at KhanAcademy.pas.demo(pas.java:12)
at KhanAcademy.pas.demo(pas.java:12)
at KhanAcademy.pas.demo(pas.java:12)
at KhanAcademy.pas.demo(pas.java:12)
at KhanAcademy.pas.demo(pas.java:12)
at KhanAcademy.pas.demo(pas.java:12)
at KhanAcademy.pas.demo(pas.java:12)
at KhanAcademy.pas.demo(pas.java:12)
at KhanAcademy.pas.demo(pas.java:12)
at KhanAcademy.pas.demo(pas.java:12)
at KhanAcademy.pas.demo(pas.java:12)
at KhanAcademy.pas.demo(pas.java:12)
at KhanAcademy.pas.demo(pas.java:12)
at KhanAcademy.pas.demo(pas.java:12)
at KhanAcademy.pas.demo(pas.java:12)
at KhanAcademy.pas.demo(pas.java:12)
at KhanAcademy.pas.demo(pas.java:12)
at KhanAcademy.pas.demo(pas.java:12)
]]>
    </error>
  </testcase> <!-- test1 -->
  <system-out/>
</testsuite> <!-- KhanAcademy.DragAndDrop -->
