<?xml version="1.0" encoding="UTF-8"?>
<!-- Generated by org.testng.reporters.JUnitReportReporter -->
<testsuite hostname="LAPTOP-DLFNDHGP" failures="0" tests="1" name="Test1.khanacademyNg" time="7.414" errors="0" timestamp="2022-11-10T22:44:52 IST" skipped="0">
  <testcase classname="Test1.khanacademyNg" name="test1" time="7.414"/>
  <system-out/>
</testsuite> <!-- Test1.khanacademyNg -->
