<?xml version="1.0" encoding="UTF-8"?>
<!-- Generated by org.testng.reporters.JUnitReportReporter -->
<testsuite hostname="LAPTOP-DLFNDHGP" failures="0" tests="4" name="KhanAcademy.Cbrow" time="26.858" errors="0" timestamp="2022-11-28T19:24:27 IST" skipped="0">
  <testcase classname="KhanAcademy.Cbrow" name="test1" time="6.895"/>
  <system-out/>
  <testcase classname="KhanAcademy.Cbrow" name="test1" time="8.383"/>
  <system-out/>
  <testcase classname="KhanAcademy.Cbrow" name="test2" time="5.885"/>
  <system-out/>
  <testcase classname="KhanAcademy.Cbrow" name="test2" time="5.695"/>
  <system-out/>
</testsuite> <!-- KhanAcademy.Cbrow -->
