<?xml version="1.0" encoding="UTF-8"?>
<!-- Generated by org.testng.reporters.JUnitReportReporter -->
<testsuite hostname="LAPTOP-DLFNDHGP" failures="0" tests="1" name="TestNg.TestNgg" time="0.007" errors="0" timestamp="2022-11-08T17:20:45 IST" skipped="0">
  <testcase classname="TestNg.TestNgg" name="Test" time="0.007"/>
  <system-out/>
</testsuite> <!-- TestNg.TestNgg -->
