<?xml version="1.0" encoding="UTF-8"?>
<!-- Generated by org.testng.reporters.JUnitReportReporter -->
<testsuite hostname="LAPTOP-DLFNDHGP" failures="0" tests="1" name="Test1.Testng" time="6.432" errors="0" timestamp="2022-11-10T21:34:33 IST" skipped="0">
  <testcase classname="Test1.Testng" name="test1" time="6.432"/>
  <system-out/>
</testsuite> <!-- Test1.Testng -->
