<?xml version="1.0" encoding="UTF-8"?>
<!-- Generated by org.testng.reporters.JUnitReportReporter -->
<testsuite hostname="LAPTOP-DLFNDHGP" failures="0" tests="1" name="TestNg.Testng1" time="0.006" errors="0" timestamp="2022-11-09T13:14:11 IST" skipped="0">
  <testcase classname="TestNg.Testng1" name="test" time="0.006"/>
  <system-out/>
</testsuite> <!-- TestNg.Testng1 -->
